# JRE version: OpenJDK Runtime Environment Temurin-21.0.6+7 (21.0.6+7) (build 21.0.6+7-LTS)
# Java VM: OpenJDK 64-Bit Server VM Temurin-21.0.6+7 (21.0.6+7-LTS, mixed mode, sharing, tiered, compressed oops, compressed class ptrs, parallel gc, windows-amd64)
GC Precious Log:
 CardTable entry size: 512
 CPUs: 4 total, 4 available
 Memory: 8117M
 Large Page Support: Disabled
 NUMA Support: Disabled
 Compressed Oops: Enabled (32-bit)
 Alignments: Space 512K, Generation 512K, Heap 2M
 Heap Min Capacity: 100M
 Heap Initial Capacity: 100M
 Heap Max Capacity: 1G
 Pre-touch: Disabled
 Parallel Workers: 4
Heap:
 PSYoungGen      total 22016K, used 21301K [0x00000000eab00000, 0x00000000ec700000, 0x0000000100000000)
  eden space 19456K, 96% used [0x00000000eab00000,0x00000000ebd53ac8,0x00000000ebe00000)
  from space 2560K, 99% used [0x00000000ec300000,0x00000000ec579ae8,0x00000000ec580000)
  to   space 4608K, 0% used [0x00000000ebe00000,0x00000000ebe00000,0x00000000ec280000)
 ParOldGen       total 68608K, used 55247K [0x00000000c0000000, 0x00000000c4300000, 0x00000000eab00000)
  object space 68608K, 80% used [0x00000000c0000000,0x00000000c35f3cc8,0x00000000c4300000)
 Metaspace       used 57791K, committed 59072K, reserved 1114112K
  class space    used 5972K, committed 6528K, reserved 1048576K
GC Heap History (20 events):
Event: 10.950 GC heap before
{Heap before GC invocations=27 (full 2):
 PSYoungGen      total 24064K, used 23896K [0x00000000eab00000, 0x00000000ec480000, 0x0000000100000000)
  eden space 22016K, 100% used [0x00000000eab00000,0x00000000ec080000,0x00000000ec080000)
  from space 2048K, 91% used [0x00000000ec280000,0x00000000ec456200,0x00000000ec480000)
  to   space 2048K, 0% used [0x00000000ec080000,0x00000000ec080000,0x00000000ec280000)
 ParOldGen       total 68608K, used 36199K [0x00000000c0000000, 0x00000000c4300000, 0x00000000eab00000)
  object space 68608K, 52% used [0x00000000c0000000,0x00000000c2359e40,0x00000000c4300000)
 Metaspace       used 47794K, committed 49088K, reserved 1114112K
  class space    used 5025K, committed 5568K, reserved 1048576K
}
Event: 10.952 GC heap after
{Heap after GC invocations=27 (full 2):
 PSYoungGen      total 24064K, used 1485K [0x00000000eab00000, 0x00000000ec480000, 0x0000000100000000)
  eden space 22016K, 0% used [0x00000000eab00000,0x00000000eab00000,0x00000000ec080000)
  from space 2048K, 72% used [0x00000000ec080000,0x00000000ec1f3510,0x00000000ec280000)
  to   space 2048K, 0% used [0x00000000ec280000,0x00000000ec280000,0x00000000ec480000)
 ParOldGen       total 68608K, used 38020K [0x00000000c0000000, 0x00000000c4300000, 0x00000000eab00000)
  object space 68608K, 55% used [0x00000000c0000000,0x00000000c2521398,0x00000000c4300000)
 Metaspace       used 47794K, committed 49088K, reserved 1114112K
  class space    used 5025K, committed 5568K, reserved 1048576K
}
Event: 11.194 GC heap before
{Heap before GC invocations=28 (full 2):
 PSYoungGen      total 24064K, used 23495K [0x00000000eab00000, 0x00000000ec480000, 0x0000000100000000)
  eden space 22016K, 99% used [0x00000000eab00000,0x00000000ec07ead8,0x00000000ec080000)
  from space 2048K, 72% used [0x00000000ec080000,0x00000000ec1f3510,0x00000000ec280000)
  to   space 2048K, 0% used [0x00000000ec280000,0x00000000ec280000,0x00000000ec480000)
 ParOldGen       total 68608K, used 38020K [0x00000000c0000000, 0x00000000c4300000, 0x00000000eab00000)
  object space 68608K, 55% used [0x00000000c0000000,0x00000000c2521398,0x00000000c4300000)
 Metaspace       used 50789K, committed 52032K, reserved 1114112K
  class space    used 5323K, committed 5824K, reserved 1048576K
}
Event: 11.196 GC heap after
{Heap after GC invocations=28 (full 2):
 PSYoungGen      total 24064K, used 1606K [0x00000000eab00000, 0x00000000ec480000, 0x0000000100000000)
  eden space 22016K, 0% used [0x00000000eab00000,0x00000000eab00000,0x00000000ec080000)
  from space 2048K, 78% used [0x00000000ec280000,0x00000000ec411810,0x00000000ec480000)
  to   space 2048K, 0% used [0x00000000ec080000,0x00000000ec080000,0x00000000ec280000)
 ParOldGen       total 68608K, used 39408K [0x00000000c0000000, 0x00000000c4300000, 0x00000000eab00000)
  object space 68608K, 57% used [0x00000000c0000000,0x00000000c267c050,0x00000000c4300000)
 Metaspace       used 50789K, committed 52032K, reserved 1114112K
  class space    used 5323K, committed 5824K, reserved 1048576K
}
Event: 11.595 GC heap before
{Heap before GC invocations=29 (full 2):
 PSYoungGen      total 24064K, used 23622K [0x00000000eab00000, 0x00000000ec480000, 0x0000000100000000)
  eden space 22016K, 100% used [0x00000000eab00000,0x00000000ec080000,0x00000000ec080000)
  from space 2048K, 78% used [0x00000000ec280000,0x00000000ec411810,0x00000000ec480000)
  to   space 2048K, 0% used [0x00000000ec080000,0x00000000ec080000,0x00000000ec280000)
 ParOldGen       total 68608K, used 39408K [0x00000000c0000000, 0x00000000c4300000, 0x00000000eab00000)
  object space 68608K, 57% used [0x00000000c0000000,0x00000000c267c050,0x00000000c4300000)
 Metaspace       used 51882K, committed 53184K, reserved 1114112K
  class space    used 5462K, committed 6016K, reserved 1048576K
}
Event: 11.596 GC heap after
{Heap after GC invocations=29 (full 2):
 PSYoungGen      total 23552K, used 1074K [0x00000000eab00000, 0x00000000ec380000, 0x0000000100000000)
  eden space 22016K, 0% used [0x00000000eab00000,0x00000000eab00000,0x00000000ec080000)
  from space 1536K, 69% used [0x00000000ec080000,0x00000000ec18cb10,0x00000000ec200000)
  to   space 1536K, 0% used [0x00000000ec200000,0x00000000ec200000,0x00000000ec380000)
 ParOldGen       total 68608K, used 40850K [0x00000000c0000000, 0x00000000c4300000, 0x00000000eab00000)
  object space 68608K, 59% used [0x00000000c0000000,0x00000000c27e4b58,0x00000000c4300000)
 Metaspace       used 51882K, committed 53184K, reserved 1114112K
  class space    used 5462K, committed 6016K, reserved 1048576K
}
Event: 11.873 GC heap before
{Heap before GC invocations=30 (full 2):
 PSYoungGen      total 23552K, used 23090K [0x00000000eab00000, 0x00000000ec380000, 0x0000000100000000)
  eden space 22016K, 100% used [0x00000000eab00000,0x00000000ec080000,0x00000000ec080000)
  from space 1536K, 69% used [0x00000000ec080000,0x00000000ec18cb10,0x00000000ec200000)
  to   space 1536K, 0% used [0x00000000ec200000,0x00000000ec200000,0x00000000ec380000)
 ParOldGen       total 68608K, used 40850K [0x00000000c0000000, 0x00000000c4300000, 0x00000000eab00000)
  object space 68608K, 59% used [0x00000000c0000000,0x00000000c27e4b58,0x00000000c4300000)
 Metaspace       used 52841K, committed 54080K, reserved 1114112K
  class space    used 5557K, committed 6080K, reserved 1048576K
}
Event: 11.876 GC heap after
{Heap after GC invocations=30 (full 2):
 PSYoungGen      total 20992K, used 1526K [0x00000000eab00000, 0x00000000ec880000, 0x0000000100000000)
  eden space 19456K, 0% used [0x00000000eab00000,0x00000000eab00000,0x00000000ebe00000)
  from space 1536K, 99% used [0x00000000ec200000,0x00000000ec37d940,0x00000000ec380000)
  to   space 4096K, 0% used [0x00000000ebe00000,0x00000000ebe00000,0x00000000ec200000)
 ParOldGen       total 68608K, used 42798K [0x00000000c0000000, 0x00000000c4300000, 0x00000000eab00000)
  object space 68608K, 62% used [0x00000000c0000000,0x00000000c29cbb60,0x00000000c4300000)
 Metaspace       used 52841K, committed 54080K, reserved 1114112K
  class space    used 5557K, committed 6080K, reserved 1048576K
}
Event: 12.406 GC heap before
{Heap before GC invocations=31 (full 2):
 PSYoungGen      total 20992K, used 20982K [0x00000000eab00000, 0x00000000ec880000, 0x0000000100000000)
  eden space 19456K, 100% used [0x00000000eab00000,0x00000000ebe00000,0x00000000ebe00000)
  from space 1536K, 99% used [0x00000000ec200000,0x00000000ec37d940,0x00000000ec380000)
  to   space 4096K, 0% used [0x00000000ebe00000,0x00000000ebe00000,0x00000000ec200000)
 ParOldGen       total 68608K, used 42798K [0x00000000c0000000, 0x00000000c4300000, 0x00000000eab00000)
  object space 68608K, 62% used [0x00000000c0000000,0x00000000c29cbb60,0x00000000c4300000)
 Metaspace       used 54125K, committed 55424K, reserved 1114112K
  class space    used 5652K, committed 6208K, reserved 1048576K
}
Event: 12.409 GC heap after
{Heap after GC invocations=31 (full 2):
 PSYoungGen      total 22528K, used 2901K [0x00000000eab00000, 0x00000000ec500000, 0x0000000100000000)
  eden space 19456K, 0% used [0x00000000eab00000,0x00000000eab00000,0x00000000ebe00000)
  from space 3072K, 94% used [0x00000000ebe00000,0x00000000ec0d5758,0x00000000ec100000)
  to   space 3584K, 0% used [0x00000000ec180000,0x00000000ec180000,0x00000000ec500000)
 ParOldGen       total 68608K, used 44334K [0x00000000c0000000, 0x00000000c4300000, 0x00000000eab00000)
  object space 68608K, 64% used [0x00000000c0000000,0x00000000c2b4ba98,0x00000000c4300000)
 Metaspace       used 54125K, committed 55424K, reserved 1114112K
  class space    used 5652K, committed 6208K, reserved 1048576K
}
Event: 13.160 GC heap before
{Heap before GC invocations=32 (full 2):
 PSYoungGen      total 22528K, used 22357K [0x00000000eab00000, 0x00000000ec500000, 0x0000000100000000)
  eden space 19456K, 100% used [0x00000000eab00000,0x00000000ebe00000,0x00000000ebe00000)
  from space 3072K, 94% used [0x00000000ebe00000,0x00000000ec0d5758,0x00000000ec100000)
  to   space 3584K, 0% used [0x00000000ec180000,0x00000000ec180000,0x00000000ec500000)
 ParOldGen       total 68608K, used 44334K [0x00000000c0000000, 0x00000000c4300000, 0x00000000eab00000)
  object space 68608K, 64% used [0x00000000c0000000,0x00000000c2b4ba98,0x00000000c4300000)
 Metaspace       used 54937K, committed 56128K, reserved 1114112K
  class space    used 5715K, committed 6208K, reserved 1048576K
}
Event: 13.166 GC heap after
{Heap after GC invocations=32 (full 2):
 PSYoungGen      total 22528K, used 2805K [0x00000000eab00000, 0x00000000ec480000, 0x0000000100000000)
  eden space 19456K, 0% used [0x00000000eab00000,0x00000000eab00000,0x00000000ebe00000)
  from space 3072K, 91% used [0x00000000ec180000,0x00000000ec43d5a8,0x00000000ec480000)
  to   space 3072K, 0% used [0x00000000ebe00000,0x00000000ebe00000,0x00000000ec100000)
 ParOldGen       total 68608K, used 47117K [0x00000000c0000000, 0x00000000c4300000, 0x00000000eab00000)
  object space 68608K, 68% used [0x00000000c0000000,0x00000000c2e034b0,0x00000000c4300000)
 Metaspace       used 54937K, committed 56128K, reserved 1114112K
  class space    used 5715K, committed 6208K, reserved 1048576K
}
Event: 13.352 GC heap before
{Heap before GC invocations=33 (full 2):
 PSYoungGen      total 22528K, used 22261K [0x00000000eab00000, 0x00000000ec480000, 0x0000000100000000)
  eden space 19456K, 100% used [0x00000000eab00000,0x00000000ebe00000,0x00000000ebe00000)
  from space 3072K, 91% used [0x00000000ec180000,0x00000000ec43d5a8,0x00000000ec480000)
  to   space 3072K, 0% used [0x00000000ebe00000,0x00000000ebe00000,0x00000000ec100000)
 ParOldGen       total 68608K, used 47117K [0x00000000c0000000, 0x00000000c4300000, 0x00000000eab00000)
  object space 68608K, 68% used [0x00000000c0000000,0x00000000c2e034b0,0x00000000c4300000)
 Metaspace       used 55908K, committed 57152K, reserved 1114112K
  class space    used 5818K, committed 6336K, reserved 1048576K
}
Event: 13.358 GC heap after
{Heap after GC invocations=33 (full 2):
 PSYoungGen      total 22528K, used 3047K [0x00000000eab00000, 0x00000000ecc00000, 0x0000000100000000)
  eden space 19456K, 0% used [0x00000000eab00000,0x00000000eab00000,0x00000000ebe00000)
  from space 3072K, 99% used [0x00000000ebe00000,0x00000000ec0f9ce8,0x00000000ec100000)
  to   space 7168K, 0% used [0x00000000ec500000,0x00000000ec500000,0x00000000ecc00000)
 ParOldGen       total 68608K, used 50379K [0x00000000c0000000, 0x00000000c4300000, 0x00000000eab00000)
  object space 68608K, 73% used [0x00000000c0000000,0x00000000c3132e90,0x00000000c4300000)
 Metaspace       used 55908K, committed 57152K, reserved 1114112K
  class space    used 5818K, committed 6336K, reserved 1048576K
}
Event: 13.434 GC heap before
{Heap before GC invocations=34 (full 2):
 PSYoungGen      total 22528K, used 22503K [0x00000000eab00000, 0x00000000ecc00000, 0x0000000100000000)
  eden space 19456K, 100% used [0x00000000eab00000,0x00000000ebe00000,0x00000000ebe00000)
  from space 3072K, 99% used [0x00000000ebe00000,0x00000000ec0f9ce8,0x00000000ec100000)
  to   space 7168K, 0% used [0x00000000ec500000,0x00000000ec500000,0x00000000ecc00000)
 ParOldGen       total 68608K, used 50379K [0x00000000c0000000, 0x00000000c4300000, 0x00000000eab00000)
  object space 68608K, 73% used [0x00000000c0000000,0x00000000c3132e90,0x00000000c4300000)
 Metaspace       used 55965K, committed 57216K, reserved 1114112K
  class space    used 5821K, committed 6336K, reserved 1048576K
}
Event: 13.440 GC heap after
{Heap after GC invocations=34 (full 2):
 PSYoungGen      total 21504K, used 2028K [0x00000000eab00000, 0x00000000ec700000, 0x0000000100000000)
  eden space 19456K, 0% used [0x00000000eab00000,0x00000000eab00000,0x00000000ebe00000)
  from space 2048K, 99% used [0x00000000ec500000,0x00000000ec6fb1a0,0x00000000ec700000)
  to   space 3584K, 0% used [0x00000000ec000000,0x00000000ec000000,0x00000000ec380000)
 ParOldGen       total 68608K, used 52990K [0x00000000c0000000, 0x00000000c4300000, 0x00000000eab00000)
  object space 68608K, 77% used [0x00000000c0000000,0x00000000c33bfa78,0x00000000c4300000)
 Metaspace       used 55965K, committed 57216K, reserved 1114112K
  class space    used 5821K, committed 6336K, reserved 1048576K
}
Event: 13.497 GC heap before
{Heap before GC invocations=35 (full 2):
 PSYoungGen      total 21504K, used 21484K [0x00000000eab00000, 0x00000000ec700000, 0x0000000100000000)
  eden space 19456K, 100% used [0x00000000eab00000,0x00000000ebe00000,0x00000000ebe00000)
  from space 2048K, 99% used [0x00000000ec500000,0x00000000ec6fb1a0,0x00000000ec700000)
  to   space 3584K, 0% used [0x00000000ec000000,0x00000000ec000000,0x00000000ec380000)
 ParOldGen       total 68608K, used 52990K [0x00000000c0000000, 0x00000000c4300000, 0x00000000eab00000)
  object space 68608K, 77% used [0x00000000c0000000,0x00000000c33bfa78,0x00000000c4300000)
 Metaspace       used 55978K, committed 57216K, reserved 1114112K
  class space    used 5821K, committed 6336K, reserved 1048576K
}
Event: 13.500 GC heap after
{Heap after GC invocations=35 (full 2):
 PSYoungGen      total 21504K, used 1685K [0x00000000eab00000, 0x00000000ec580000, 0x0000000100000000)
  eden space 19456K, 0% used [0x00000000eab00000,0x00000000eab00000,0x00000000ebe00000)
  from space 2048K, 82% used [0x00000000ec000000,0x00000000ec1a5620,0x00000000ec200000)
  to   space 2560K, 0% used [0x00000000ec300000,0x00000000ec300000,0x00000000ec580000)
 ParOldGen       total 68608K, used 53941K [0x00000000c0000000, 0x00000000c4300000, 0x00000000eab00000)
  object space 68608K, 78% used [0x00000000c0000000,0x00000000c34ad4a0,0x00000000c4300000)
 Metaspace       used 55978K, committed 57216K, reserved 1114112K
  class space    used 5821K, committed 6336K, reserved 1048576K
}
Event: 13.706 GC heap before
{Heap before GC invocations=36 (full 2):
 PSYoungGen      total 21504K, used 21141K [0x00000000eab00000, 0x00000000ec580000, 0x0000000100000000)
  eden space 19456K, 100% used [0x00000000eab00000,0x00000000ebe00000,0x00000000ebe00000)
  from space 2048K, 82% used [0x00000000ec000000,0x00000000ec1a5620,0x00000000ec200000)
  to   space 2560K, 0% used [0x00000000ec300000,0x00000000ec300000,0x00000000ec580000)
 ParOldGen       total 68608K, used 53941K [0x00000000c0000000, 0x00000000c4300000, 0x00000000eab00000)
  object space 68608K, 78% used [0x00000000c0000000,0x00000000c34ad4a0,0x00000000c4300000)
 Metaspace       used 57361K, committed 58688K, reserved 1114112K
  class space    used 5933K, committed 6528K, reserved 1048576K
}
Event: 13.709 GC heap after
{Heap after GC invocations=36 (full 2):
 PSYoungGen      total 22016K, used 2534K [0x00000000eab00000, 0x00000000ec700000, 0x0000000100000000)
  eden space 19456K, 0% used [0x00000000eab00000,0x00000000eab00000,0x00000000ebe00000)
  from space 2560K, 99% used [0x00000000ec300000,0x00000000ec579ae8,0x00000000ec580000)
  to   space 4608K, 0% used [0x00000000ebe00000,0x00000000ebe00000,0x00000000ec280000)
 ParOldGen       total 68608K, used 55247K [0x00000000c0000000, 0x00000000c4300000, 0x00000000eab00000)
  object space 68608K, 80% used [0x00000000c0000000,0x00000000c35f3cc8,0x00000000c4300000)
 Metaspace       used 57361K, committed 58688K, reserved 1114112K
  class space    used 5933K, committed 6528K, reserved 1048576K
}

